{"C:\\Users\\renan\\Documents\\fittracker\\app\\(tabs)\\exercises.tsx": {"path":"C:\\Users\\renan\\Documents\\fittracker\\app\\(tabs)\\exercises.tsx","statementMap":{"0":{"start":{"line":10,"column":34},"end":{"line":10,"column":53}},"1":{"start":{"line":13,"column":30},"end":{"line":17,"column":5}},"2":{"start":{"line":14,"column":6},"end":{"line":16,"column":37}},"3":{"start":{"line":18,"column":4},"end":{"line":18,"column":37}},"4":{"start":{"line":21,"column":21},"end":{"line":21,"column":31}},"5":{"start":{"line":23,"column":2},"end":{"line":54,"column":4}},"6":{"start":{"line":57,"column":15},"end":{"line":74,"column":2}}},"fnMap":{"0":{"name":"Exercises","decl":{"start":{"line":8,"column":24},"end":{"line":8,"column":33}},"loc":{"start":{"line":8,"column":36},"end":{"line":55,"column":1}},"line":8},"1":{"name":"searchExercises","decl":{"start":{"line":12,"column":11},"end":{"line":12,"column":26}},"loc":{"start":{"line":12,"column":40},"end":{"line":19,"column":3}},"line":12},"2":{"name":"(anonymous_2)","decl":{"start":{"line":13,"column":47},"end":{"line":13,"column":48}},"loc":{"start":{"line":14,"column":6},"end":{"line":16,"column":37}},"line":14}},"branchMap":{"0":{"loc":{"start":{"line":46,"column":7},"end":{"line":52,"column":7}},"type":"cond-expr","locations":[{"start":{"line":47,"column":8},"end":{"line":49,"column":15}},{"start":{"line":51,"column":8},"end":{"line":51,"column":41}}],"line":46}},"s":{"0":8,"1":4,"2":100,"3":4,"4":8,"5":8,"6":1},"f":{"0":8,"1":4,"2":100},"b":{"0":[1,7]},"_coverageSchema":"1a1c01bbd47fc00a2c39e90264f33305004495a9","hash":"d465e7058ce33b94392d4a77627a21a084807ac7"}
,"C:\\Users\\renan\\Documents\\fittracker\\assets\\data\\exercises.ts": {"path":"C:\\Users\\renan\\Documents\\fittracker\\assets\\data\\exercises.ts","statementMap":{"0":{"start":{"line":1,"column":25},"end":{"line":152,"column":3}}},"fnMap":{},"branchMap":{},"s":{"0":1},"f":{},"b":{},"_coverageSchema":"1a1c01bbd47fc00a2c39e90264f33305004495a9","hash":"562e591acb2b8f2feb6a110058bcba81eb7be057"}
,"C:\\Users\\renan\\Documents\\fittracker\\assets\\images\\arnold_press.png": {"path":"C:\\Users\\renan\\Documents\\fittracker\\assets\\images\\arnold_press.png","statementMap":{"0":{"start":{"line":1,"column":0},"end":{"line":4,"column":6}}},"fnMap":{},"branchMap":{},"s":{"0":1},"f":{},"b":{},"_coverageSchema":"1a1c01bbd47fc00a2c39e90264f33305004495a9","hash":"2a9ac5eb6bed51d1f2844aa49daf131c4c4ab321"}
,"C:\\Users\\renan\\Documents\\fittracker\\assets\\images\\back_extension.png": {"path":"C:\\Users\\renan\\Documents\\fittracker\\assets\\images\\back_extension.png","statementMap":{"0":{"start":{"line":1,"column":0},"end":{"line":4,"column":6}}},"fnMap":{},"branchMap":{},"s":{"0":1},"f":{},"b":{},"_coverageSchema":"1a1c01bbd47fc00a2c39e90264f33305004495a9","hash":"667aaccaf598264231b81dbea463a4c2ab80aa21"}
,"C:\\Users\\renan\\Documents\\fittracker\\assets\\images\\bench_press.png": {"path":"C:\\Users\\renan\\Documents\\fittracker\\assets\\images\\bench_press.png","statementMap":{"0":{"start":{"line":1,"column":0},"end":{"line":4,"column":6}}},"fnMap":{},"branchMap":{},"s":{"0":1},"f":{},"b":{},"_coverageSchema":"1a1c01bbd47fc00a2c39e90264f33305004495a9","hash":"99d20c7263b030ff8b38c296fe36a4aa72dab656"}
,"C:\\Users\\renan\\Documents\\fittracker\\assets\\images\\bicepsCurl.png": {"path":"C:\\Users\\renan\\Documents\\fittracker\\assets\\images\\bicepsCurl.png","statementMap":{"0":{"start":{"line":1,"column":0},"end":{"line":4,"column":6}}},"fnMap":{},"branchMap":{},"s":{"0":1},"f":{},"b":{},"_coverageSchema":"1a1c01bbd47fc00a2c39e90264f33305004495a9","hash":"2236174de7add904227dbb049a9cfcb98c725759"}
,"C:\\Users\\renan\\Documents\\fittracker\\assets\\images\\bulgarian_split_squat.png": {"path":"C:\\Users\\renan\\Documents\\fittracker\\assets\\images\\bulgarian_split_squat.png","statementMap":{"0":{"start":{"line":1,"column":0},"end":{"line":4,"column":6}}},"fnMap":{},"branchMap":{},"s":{"0":1},"f":{},"b":{},"_coverageSchema":"1a1c01bbd47fc00a2c39e90264f33305004495a9","hash":"ca1bf4f0ca3b0ab97e03877d1e52c54276c13c2c"}
,"C:\\Users\\renan\\Documents\\fittracker\\assets\\images\\calf_raise.png": {"path":"C:\\Users\\renan\\Documents\\fittracker\\assets\\images\\calf_raise.png","statementMap":{"0":{"start":{"line":1,"column":0},"end":{"line":4,"column":6}}},"fnMap":{},"branchMap":{},"s":{"0":1},"f":{},"b":{},"_coverageSchema":"1a1c01bbd47fc00a2c39e90264f33305004495a9","hash":"7a194308fc4c8f3201190c1235614c30fe35710a"}
,"C:\\Users\\renan\\Documents\\fittracker\\assets\\images\\chest_fly.png": {"path":"C:\\Users\\renan\\Documents\\fittracker\\assets\\images\\chest_fly.png","statementMap":{"0":{"start":{"line":1,"column":0},"end":{"line":4,"column":6}}},"fnMap":{},"branchMap":{},"s":{"0":1},"f":{},"b":{},"_coverageSchema":"1a1c01bbd47fc00a2c39e90264f33305004495a9","hash":"323a60be51a540f5a86f56cc7030af895a9fe2c2"}
,"C:\\Users\\renan\\Documents\\fittracker\\assets\\images\\concentration_curl.png": {"path":"C:\\Users\\renan\\Documents\\fittracker\\assets\\images\\concentration_curl.png","statementMap":{"0":{"start":{"line":1,"column":0},"end":{"line":4,"column":6}}},"fnMap":{},"branchMap":{},"s":{"0":1},"f":{},"b":{},"_coverageSchema":"1a1c01bbd47fc00a2c39e90264f33305004495a9","hash":"49f4db747296e98bdaaeca9f8f3229997303bfa2"}
,"C:\\Users\\renan\\Documents\\fittracker\\assets\\images\\face_pull.png": {"path":"C:\\Users\\renan\\Documents\\fittracker\\assets\\images\\face_pull.png","statementMap":{"0":{"start":{"line":1,"column":0},"end":{"line":4,"column":6}}},"fnMap":{},"branchMap":{},"s":{"0":1},"f":{},"b":{},"_coverageSchema":"1a1c01bbd47fc00a2c39e90264f33305004495a9","hash":"c3151c5c3caf9abc63a121f94266163bb0afdc02"}
,"C:\\Users\\renan\\Documents\\fittracker\\assets\\images\\glute_bridge.png": {"path":"C:\\Users\\renan\\Documents\\fittracker\\assets\\images\\glute_bridge.png","statementMap":{"0":{"start":{"line":1,"column":0},"end":{"line":4,"column":6}}},"fnMap":{},"branchMap":{},"s":{"0":1},"f":{},"b":{},"_coverageSchema":"1a1c01bbd47fc00a2c39e90264f33305004495a9","hash":"3c922c34749221abdbc266c44e12bee9708b6645"}
,"C:\\Users\\renan\\Documents\\fittracker\\assets\\images\\hammer_curl.png": {"path":"C:\\Users\\renan\\Documents\\fittracker\\assets\\images\\hammer_curl.png","statementMap":{"0":{"start":{"line":1,"column":0},"end":{"line":4,"column":6}}},"fnMap":{},"branchMap":{},"s":{"0":1},"f":{},"b":{},"_coverageSchema":"1a1c01bbd47fc00a2c39e90264f33305004495a9","hash":"9dceba6929e64736bbb6f4bdc383555d9a23938f"}
,"C:\\Users\\renan\\Documents\\fittracker\\assets\\images\\hamstring_curl.png": {"path":"C:\\Users\\renan\\Documents\\fittracker\\assets\\images\\hamstring_curl.png","statementMap":{"0":{"start":{"line":1,"column":0},"end":{"line":4,"column":6}}},"fnMap":{},"branchMap":{},"s":{"0":1},"f":{},"b":{},"_coverageSchema":"1a1c01bbd47fc00a2c39e90264f33305004495a9","hash":"7c125d063a8fc7cf63a1accc273a8e039c4d269a"}
,"C:\\Users\\renan\\Documents\\fittracker\\assets\\images\\hanging_leg_raise.png": {"path":"C:\\Users\\renan\\Documents\\fittracker\\assets\\images\\hanging_leg_raise.png","statementMap":{"0":{"start":{"line":1,"column":0},"end":{"line":4,"column":6}}},"fnMap":{},"branchMap":{},"s":{"0":1},"f":{},"b":{},"_coverageSchema":"1a1c01bbd47fc00a2c39e90264f33305004495a9","hash":"1dca318cc4b0edab82b6c01cfcd12645950ddf23"}
,"C:\\Users\\renan\\Documents\\fittracker\\assets\\images\\hip_thrust.png": {"path":"C:\\Users\\renan\\Documents\\fittracker\\assets\\images\\hip_thrust.png","statementMap":{"0":{"start":{"line":1,"column":0},"end":{"line":4,"column":6}}},"fnMap":{},"branchMap":{},"s":{"0":1},"f":{},"b":{},"_coverageSchema":"1a1c01bbd47fc00a2c39e90264f33305004495a9","hash":"2f177f9351d7902dace37c0c90f190ced809b912"}
,"C:\\Users\\renan\\Documents\\fittracker\\assets\\images\\inclined_bench_press.png": {"path":"C:\\Users\\renan\\Documents\\fittracker\\assets\\images\\inclined_bench_press.png","statementMap":{"0":{"start":{"line":1,"column":0},"end":{"line":4,"column":6}}},"fnMap":{},"branchMap":{},"s":{"0":1},"f":{},"b":{},"_coverageSchema":"1a1c01bbd47fc00a2c39e90264f33305004495a9","hash":"daa77bef3764f8ea37025787a5869cefe2daa5c9"}
,"C:\\Users\\renan\\Documents\\fittracker\\assets\\images\\lat_pulldown.png": {"path":"C:\\Users\\renan\\Documents\\fittracker\\assets\\images\\lat_pulldown.png","statementMap":{"0":{"start":{"line":1,"column":0},"end":{"line":4,"column":6}}},"fnMap":{},"branchMap":{},"s":{"0":1},"f":{},"b":{},"_coverageSchema":"1a1c01bbd47fc00a2c39e90264f33305004495a9","hash":"218fc3cb92543107f929eb91314d2ed70e291d1b"}
,"C:\\Users\\renan\\Documents\\fittracker\\assets\\images\\lateral_raise.png": {"path":"C:\\Users\\renan\\Documents\\fittracker\\assets\\images\\lateral_raise.png","statementMap":{"0":{"start":{"line":1,"column":0},"end":{"line":4,"column":6}}},"fnMap":{},"branchMap":{},"s":{"0":1},"f":{},"b":{},"_coverageSchema":"1a1c01bbd47fc00a2c39e90264f33305004495a9","hash":"ba7c86cc148c7a5497ad75a5f3336d6d0958e44c"}
,"C:\\Users\\renan\\Documents\\fittracker\\assets\\images\\leg_press.png": {"path":"C:\\Users\\renan\\Documents\\fittracker\\assets\\images\\leg_press.png","statementMap":{"0":{"start":{"line":1,"column":0},"end":{"line":4,"column":6}}},"fnMap":{},"branchMap":{},"s":{"0":1},"f":{},"b":{},"_coverageSchema":"1a1c01bbd47fc00a2c39e90264f33305004495a9","hash":"ab87e0fdf57209026464ed3806a41f52bdb2b431"}
,"C:\\Users\\renan\\Documents\\fittracker\\assets\\images\\press_hombro.png": {"path":"C:\\Users\\renan\\Documents\\fittracker\\assets\\images\\press_hombro.png","statementMap":{"0":{"start":{"line":1,"column":0},"end":{"line":4,"column":6}}},"fnMap":{},"branchMap":{},"s":{"0":1},"f":{},"b":{},"_coverageSchema":"1a1c01bbd47fc00a2c39e90264f33305004495a9","hash":"d81056d35afb039cb3379931979d2779cacfe734"}
,"C:\\Users\\renan\\Documents\\fittracker\\assets\\images\\pull_up.png": {"path":"C:\\Users\\renan\\Documents\\fittracker\\assets\\images\\pull_up.png","statementMap":{"0":{"start":{"line":1,"column":0},"end":{"line":4,"column":6}}},"fnMap":{},"branchMap":{},"s":{"0":1},"f":{},"b":{},"_coverageSchema":"1a1c01bbd47fc00a2c39e90264f33305004495a9","hash":"825980a02fa0a7dc9a6554576e6cbf69d1437271"}
,"C:\\Users\\renan\\Documents\\fittracker\\assets\\images\\romanian_deadlift.png": {"path":"C:\\Users\\renan\\Documents\\fittracker\\assets\\images\\romanian_deadlift.png","statementMap":{"0":{"start":{"line":1,"column":0},"end":{"line":4,"column":6}}},"fnMap":{},"branchMap":{},"s":{"0":1},"f":{},"b":{},"_coverageSchema":"1a1c01bbd47fc00a2c39e90264f33305004495a9","hash":"6e7793078db2241b0ef4d7d1863dbece43aadb20"}
,"C:\\Users\\renan\\Documents\\fittracker\\assets\\images\\seated_row.png": {"path":"C:\\Users\\renan\\Documents\\fittracker\\assets\\images\\seated_row.png","statementMap":{"0":{"start":{"line":1,"column":0},"end":{"line":4,"column":6}}},"fnMap":{},"branchMap":{},"s":{"0":1},"f":{},"b":{},"_coverageSchema":"1a1c01bbd47fc00a2c39e90264f33305004495a9","hash":"a415d76752cc0ec805cc6bafe4099115b90c4bee"}
,"C:\\Users\\renan\\Documents\\fittracker\\assets\\images\\skull_crusher.png": {"path":"C:\\Users\\renan\\Documents\\fittracker\\assets\\images\\skull_crusher.png","statementMap":{"0":{"start":{"line":1,"column":0},"end":{"line":4,"column":6}}},"fnMap":{},"branchMap":{},"s":{"0":1},"f":{},"b":{},"_coverageSchema":"1a1c01bbd47fc00a2c39e90264f33305004495a9","hash":"973a1ce1fee2970508b892530853e733a6bf397a"}
,"C:\\Users\\renan\\Documents\\fittracker\\assets\\images\\squat_barbell.png": {"path":"C:\\Users\\renan\\Documents\\fittracker\\assets\\images\\squat_barbell.png","statementMap":{"0":{"start":{"line":1,"column":0},"end":{"line":4,"column":6}}},"fnMap":{},"branchMap":{},"s":{"0":1},"f":{},"b":{},"_coverageSchema":"1a1c01bbd47fc00a2c39e90264f33305004495a9","hash":"f6a775e7a483a29adf1117ac1de7ea08893a9973"}
,"C:\\Users\\renan\\Documents\\fittracker\\assets\\images\\tricep_extension.png": {"path":"C:\\Users\\renan\\Documents\\fittracker\\assets\\images\\tricep_extension.png","statementMap":{"0":{"start":{"line":1,"column":0},"end":{"line":4,"column":6}}},"fnMap":{},"branchMap":{},"s":{"0":1},"f":{},"b":{},"_coverageSchema":"1a1c01bbd47fc00a2c39e90264f33305004495a9","hash":"63eceab7c9d6e4cd329450c65e1627895b2f5b99"}
,"C:\\Users\\renan\\Documents\\fittracker\\components\\MuscleCard.tsx": {"path":"C:\\Users\\renan\\Documents\\fittracker\\components\\MuscleCard.tsx","statementMap":{"0":{"start":{"line":14,"column":21},"end":{"line":14,"column":31}},"1":{"start":{"line":16,"column":2},"end":{"line":39,"column":6}},"2":{"start":{"line":23,"column":25},"end":{"line":23,"column":98}},"3":{"start":{"line":42,"column":15},"end":{"line":68,"column":2}}},"fnMap":{"0":{"name":"MuscleCard","decl":{"start":{"line":13,"column":24},"end":{"line":13,"column":34}},"loc":{"start":{"line":13,"column":101},"end":{"line":40,"column":1}},"line":13},"1":{"name":"(anonymous_1)","decl":{"start":{"line":23,"column":19},"end":{"line":23,"column":20}},"loc":{"start":{"line":23,"column":25},"end":{"line":23,"column":98}},"line":23}},"branchMap":{},"s":{"0":129,"1":129,"2":1,"3":2},"f":{"0":129,"1":1},"b":{},"_coverageSchema":"1a1c01bbd47fc00a2c39e90264f33305004495a9","hash":"79a329aad8860d60a1ea034634fd65fdb2e8547c"}
,"C:\\Users\\renan\\Documents\\fittracker\\components\\MuscleList.tsx": {"path":"C:\\Users\\renan\\Documents\\fittracker\\components\\MuscleList.tsx","statementMap":{"0":{"start":{"line":16,"column":2},"end":{"line":28,"column":4}},"1":{"start":{"line":19,"column":8},"end":{"line":25,"column":10}}},"fnMap":{"0":{"name":"MuscleList","decl":{"start":{"line":15,"column":24},"end":{"line":15,"column":34}},"loc":{"start":{"line":15,"column":67},"end":{"line":29,"column":1}},"line":15},"1":{"name":"(anonymous_1)","decl":{"start":{"line":18,"column":21},"end":{"line":18,"column":22}},"loc":{"start":{"line":19,"column":8},"end":{"line":25,"column":10}},"line":19}},"branchMap":{},"s":{"0":7,"1":128},"f":{"0":7,"1":128},"b":{},"_coverageSchema":"1a1c01bbd47fc00a2c39e90264f33305004495a9","hash":"60dff3b73f4dcdcd970c29f3d6028d6b52723da5"}
,"C:\\Users\\renan\\Documents\\fittracker\\constants\\theme.ts": {"path":"C:\\Users\\renan\\Documents\\fittracker\\constants\\theme.ts","statementMap":{"0":{"start":{"line":3,"column":26},"end":{"line":15,"column":1}},"1":{"start":{"line":18,"column":27},"end":{"line":30,"column":1}},"2":{"start":{"line":35,"column":30},"end":{"line":38,"column":1}},"3":{"start":{"line":36,"column":17},"end":{"line":36,"column":33}},"4":{"start":{"line":37,"column":2},"end":{"line":37,"column":54}}},"fnMap":{"0":{"name":"(anonymous_0)","decl":{"start":{"line":35,"column":30},"end":{"line":35,"column":31}},"loc":{"start":{"line":35,"column":36},"end":{"line":38,"column":1}},"line":35}},"branchMap":{"0":{"loc":{"start":{"line":37,"column":9},"end":{"line":37,"column":53}},"type":"cond-expr","locations":[{"start":{"line":37,"column":29},"end":{"line":37,"column":39}},{"start":{"line":37,"column":42},"end":{"line":37,"column":53}}],"line":37}},"s":{"0":2,"1":2,"2":2,"3":0,"4":0},"f":{"0":0},"b":{"0":[0,0]},"_coverageSchema":"1a1c01bbd47fc00a2c39e90264f33305004495a9","hash":"201bdede908afeeed35827102822b09e33273206"}
,"C:\\Users\\renan\\Documents\\fittracker\\context\\ThemeContext.tsx": {"path":"C:\\Users\\renan\\Documents\\fittracker\\context\\ThemeContext.tsx","statementMap":{"0":{"start":{"line":13,"column":28},"end":{"line":13,"column":72}},"1":{"start":{"line":18,"column":23},"end":{"line":18,"column":50}},"2":{"start":{"line":20,"column":28},"end":{"line":22,"column":3}},"3":{"start":{"line":24,"column":22},"end":{"line":26,"column":3}},"4":{"start":{"line":25,"column":4},"end":{"line":25,"column":59}},"5":{"start":{"line":25,"column":22},"end":{"line":25,"column":56}},"6":{"start":{"line":28,"column":17},"end":{"line":28,"column":60}},"7":{"start":{"line":30,"column":2},"end":{"line":36,"column":4}},"8":{"start":{"line":42,"column":18},"end":{"line":42,"column":42}},"9":{"start":{"line":44,"column":2},"end":{"line":46,"column":3}},"10":{"start":{"line":45,"column":4},"end":{"line":45,"column":66}},"11":{"start":{"line":48,"column":2},"end":{"line":48,"column":17}}},"fnMap":{"0":{"name":"ThemeProvider","decl":{"start":{"line":16,"column":16},"end":{"line":16,"column":29}},"loc":{"start":{"line":16,"column":75},"end":{"line":37,"column":1}},"line":16},"1":{"name":"(anonymous_1)","decl":{"start":{"line":24,"column":22},"end":{"line":24,"column":23}},"loc":{"start":{"line":24,"column":28},"end":{"line":26,"column":3}},"line":24},"2":{"name":"(anonymous_2)","decl":{"start":{"line":25,"column":13},"end":{"line":25,"column":14}},"loc":{"start":{"line":25,"column":22},"end":{"line":25,"column":56}},"line":25},"3":{"name":"useTheme","decl":{"start":{"line":40,"column":16},"end":{"line":40,"column":24}},"loc":{"start":{"line":40,"column":27},"end":{"line":49,"column":1}},"line":40}},"branchMap":{"0":{"loc":{"start":{"line":21,"column":4},"end":{"line":21,"column":26}},"type":"binary-expr","locations":[{"start":{"line":21,"column":4},"end":{"line":21,"column":16}},{"start":{"line":21,"column":20},"end":{"line":21,"column":26}}],"line":21},"1":{"loc":{"start":{"line":25,"column":22},"end":{"line":25,"column":56}},"type":"cond-expr","locations":[{"start":{"line":25,"column":40},"end":{"line":25,"column":47}},{"start":{"line":25,"column":50},"end":{"line":25,"column":56}}],"line":25},"2":{"loc":{"start":{"line":28,"column":17},"end":{"line":28,"column":60}},"type":"cond-expr","locations":[{"start":{"line":28,"column":36},"end":{"line":28,"column":46}},{"start":{"line":28,"column":49},"end":{"line":28,"column":60}}],"line":28},"3":{"loc":{"start":{"line":44,"column":2},"end":{"line":46,"column":3}},"type":"if","locations":[{"start":{"line":44,"column":2},"end":{"line":46,"column":3}},{"start":{},"end":{}}],"line":44}},"s":{"0":2,"1":5,"2":5,"3":5,"4":0,"5":0,"6":5,"7":5,"8":137,"9":137,"10":0,"11":137},"f":{"0":5,"1":0,"2":0,"3":137},"b":{"0":[5,5],"1":[0,0],"2":[5,0],"3":[0,137]},"_coverageSchema":"1a1c01bbd47fc00a2c39e90264f33305004495a9","hash":"3eb04345de8d28a18c97c4c893f1b3ffa979431f"}
}
