TN:
SF:app\(tabs)\exercises.tsx
FN:8,Exercises
FN:12,searchExercises
FN:13,(anonymous_2)
FNF:3
FNH:3
FNDA:8,Exercises
FNDA:4,searchExercises
FNDA:100,(anonymous_2)
DA:10,8
DA:13,4
DA:14,100
DA:18,4
DA:21,8
DA:23,8
DA:57,1
LF:7
LH:7
BRDA:46,0,0,1
BRDA:46,0,1,7
BRF:2
BRH:2
end_of_record
TN:
SF:assets\data\exercises.ts
FNF:0
FNH:0
DA:1,1
LF:1
LH:1
BRF:0
BRH:0
end_of_record
TN:
SF:assets\images\arnold_press.png
FNF:0
FNH:0
DA:1,1
LF:1
LH:1
BRF:0
BRH:0
end_of_record
TN:
SF:assets\images\back_extension.png
FNF:0
FNH:0
DA:1,1
LF:1
LH:1
BRF:0
BRH:0
end_of_record
TN:
SF:assets\images\bench_press.png
FNF:0
FNH:0
DA:1,1
LF:1
LH:1
BRF:0
BRH:0
end_of_record
TN:
SF:assets\images\bicepsCurl.png
FNF:0
FNH:0
DA:1,1
LF:1
LH:1
BRF:0
BRH:0
end_of_record
TN:
SF:assets\images\bulgarian_split_squat.png
FNF:0
FNH:0
DA:1,1
LF:1
LH:1
BRF:0
BRH:0
end_of_record
TN:
SF:assets\images\calf_raise.png
FNF:0
FNH:0
DA:1,1
LF:1
LH:1
BRF:0
BRH:0
end_of_record
TN:
SF:assets\images\chest_fly.png
FNF:0
FNH:0
DA:1,1
LF:1
LH:1
BRF:0
BRH:0
end_of_record
TN:
SF:assets\images\concentration_curl.png
FNF:0
FNH:0
DA:1,1
LF:1
LH:1
BRF:0
BRH:0
end_of_record
TN:
SF:assets\images\face_pull.png
FNF:0
FNH:0
DA:1,1
LF:1
LH:1
BRF:0
BRH:0
end_of_record
TN:
SF:assets\images\glute_bridge.png
FNF:0
FNH:0
DA:1,1
LF:1
LH:1
BRF:0
BRH:0
end_of_record
TN:
SF:assets\images\hammer_curl.png
FNF:0
FNH:0
DA:1,1
LF:1
LH:1
BRF:0
BRH:0
end_of_record
TN:
SF:assets\images\hamstring_curl.png
FNF:0
FNH:0
DA:1,1
LF:1
LH:1
BRF:0
BRH:0
end_of_record
TN:
SF:assets\images\hanging_leg_raise.png
FNF:0
FNH:0
DA:1,1
LF:1
LH:1
BRF:0
BRH:0
end_of_record
TN:
SF:assets\images\hip_thrust.png
FNF:0
FNH:0
DA:1,1
LF:1
LH:1
BRF:0
BRH:0
end_of_record
TN:
SF:assets\images\inclined_bench_press.png
FNF:0
FNH:0
DA:1,1
LF:1
LH:1
BRF:0
BRH:0
end_of_record
TN:
SF:assets\images\lat_pulldown.png
FNF:0
FNH:0
DA:1,1
LF:1
LH:1
BRF:0
BRH:0
end_of_record
TN:
SF:assets\images\lateral_raise.png
FNF:0
FNH:0
DA:1,1
LF:1
LH:1
BRF:0
BRH:0
end_of_record
TN:
SF:assets\images\leg_press.png
FNF:0
FNH:0
DA:1,1
LF:1
LH:1
BRF:0
BRH:0
end_of_record
TN:
SF:assets\images\press_hombro.png
FNF:0
FNH:0
DA:1,1
LF:1
LH:1
BRF:0
BRH:0
end_of_record
TN:
SF:assets\images\pull_up.png
FNF:0
FNH:0
DA:1,1
LF:1
LH:1
BRF:0
BRH:0
end_of_record
TN:
SF:assets\images\romanian_deadlift.png
FNF:0
FNH:0
DA:1,1
LF:1
LH:1
BRF:0
BRH:0
end_of_record
TN:
SF:assets\images\seated_row.png
FNF:0
FNH:0
DA:1,1
LF:1
LH:1
BRF:0
BRH:0
end_of_record
TN:
SF:assets\images\skull_crusher.png
FNF:0
FNH:0
DA:1,1
LF:1
LH:1
BRF:0
BRH:0
end_of_record
TN:
SF:assets\images\squat_barbell.png
FNF:0
FNH:0
DA:1,1
LF:1
LH:1
BRF:0
BRH:0
end_of_record
TN:
SF:assets\images\tricep_extension.png
FNF:0
FNH:0
DA:1,1
LF:1
LH:1
BRF:0
BRH:0
end_of_record
TN:
SF:components\MuscleCard.tsx
FN:13,MuscleCard
FN:23,(anonymous_1)
FNF:2
FNH:2
FNDA:129,MuscleCard
FNDA:1,(anonymous_1)
DA:14,129
DA:16,129
DA:23,1
DA:42,2
LF:4
LH:4
BRF:0
BRH:0
end_of_record
TN:
SF:components\MuscleList.tsx
FN:15,MuscleList
FN:18,(anonymous_1)
FNF:2
FNH:2
FNDA:7,MuscleList
FNDA:128,(anonymous_1)
DA:16,7
DA:19,128
LF:2
LH:2
BRF:0
BRH:0
end_of_record
TN:
SF:constants\theme.ts
FN:35,(anonymous_0)
FNF:1
FNH:0
FNDA:0,(anonymous_0)
DA:3,2
DA:18,2
DA:35,2
DA:36,0
DA:37,0
LF:5
LH:3
BRDA:37,0,0,0
BRDA:37,0,1,0
BRF:2
BRH:0
end_of_record
TN:
SF:context\ThemeContext.tsx
FN:16,ThemeProvider
FN:24,(anonymous_1)
FN:25,(anonymous_2)
FN:40,useTheme
FNF:4
FNH:2
FNDA:5,ThemeProvider
FNDA:0,(anonymous_1)
FNDA:0,(anonymous_2)
FNDA:137,useTheme
DA:13,2
DA:18,5
DA:20,5
DA:24,5
DA:25,0
DA:28,5
DA:30,5
DA:42,137
DA:44,137
DA:45,0
DA:48,137
LF:11
LH:9
BRDA:21,0,0,5
BRDA:21,0,1,5
BRDA:25,1,0,0
BRDA:25,1,1,0
BRDA:28,2,0,5
BRDA:28,2,1,0
BRDA:44,3,0,0
BRDA:44,3,1,137
BRF:8
BRH:4
end_of_record
